###############################################################################
#
# IAR C/C++ Compiler V7.10.6.1378 for Atmel AVR           04/May/2022  11:48:52
# Copyright 1996-2018 IAR Systems AB.
#
#    Source file  =  D:\Projects\CautoProjects\PSS48\PSS48\src\Driver.cpp
#    Command line =  
#        -f C:\Users\ghost\AppData\Local\Temp\EWD034.tmp
#        (--string_literals_in_flash
#        D:\Projects\CautoProjects\PSS48\PSS48\src\Driver.cpp --cpu=m128a -ms
#        -o D:\Projects\CautoProjects\PSS48\PSS48\Debug\Obj -lC
#        D:\Projects\CautoProjects\PSS48\PSS48\Debug\List -lA
#        D:\Projects\CautoProjects\PSS48\PSS48\Debug\List -y
#        --initializers_in_flash --root_variables --no_cse --no_inline
#        --no_code_motion --no_cross_call --no_clustering --no_tbaa --debug
#        -DENABLE_BIT_DEFINITIONS -e -I
#        D:\Projects\CautoProjects\PSS48\PSS48\include\ -I
#        D:\Projects\CautoProjects\PSS48\PSS48\Modbus\ --eeprom_size 4096
#        --dlib --dlib_config "C:\Program Files (x86)\IAR Systems\Embedded
#        Workbench 8.0\avr\LIB\DLIB\dlAVR-3s-ec_mul-n.h" -On --eec++)
#    Locale       =  Russian_RUS.1251
#    List file    =  
#        D:\Projects\CautoProjects\PSS48\PSS48\Debug\List\Driver.lst
#    Object file  =  D:\Projects\CautoProjects\PSS48\PSS48\Debug\Obj\Driver.r90
#
###############################################################################

D:\Projects\CautoProjects\PSS48\PSS48\src\Driver.cpp
      1          //-----------------------------------------------------------------------------------------------------
      2          //  Sourse      : FileName.cpp
      3          //  Created     : 01.06.2022
      4          //  Author      : Alexandr Volvenkin
      5          //  email       : aav-36@mail.ru
      6          //  GitHub      : https://github.com/AlexandrVolvenkin
      7          //-----------------------------------------------------------------------------------------------------
      8          #include "Driver.h"
      9          
     10          ////-----------------------------------------------------------------------------------------------------
     11          //CDriver::CDriver(uint8_t uiType)
     12          //{
     13          //
     14          //}
     15          //
     16          ////-----------------------------------------------------------------------------------------------------
     17          //CDriver::~CDriver()
     18          //{
     19          //
     20          //}


   Segment part sizes:

   Bytes  Function/Label
   -----  --------------
       8  -- Other

 
 8 bytes in segment NEAR_F
 
 8 bytes of CODE memory

Errors: none
Warnings: none
